<?xml version="1.0" encoding="UTF-8"?>
<testng-results ignored="0" total="2" passed="2" failed="0" skipped="0">
  <reporter-output>
  </reporter-output>
  <suite started-at="2026-03-09T23:36:35 IST" name="Suite" finished-at="2026-03-09T23:36:41 IST" duration-ms="5990">
    <groups>
    </groups>
    <test started-at="2026-03-09T23:36:35 IST" name="Tests" finished-at="2026-03-09T23:36:41 IST" duration-ms="5990">
      <class name="tests.LoginTest">
        <test-method is-config="true" signature="setup()[pri:0, instance:tests.LoginTest@5a5a729f]" started-at="2026-03-09T23:36:35 IST" name="setup" finished-at="2026-03-09T23:36:37 IST" duration-ms="2432" status="PASS">
          <reporter-output>
          </reporter-output>
        </test-method> <!-- setup -->
        <test-method signature="verifyLogin()[pri:0, instance:tests.LoginTest@5a5a729f]" started-at="2026-03-09T23:36:37 IST" name="verifyLogin" finished-at="2026-03-09T23:36:38 IST" duration-ms="348" status="PASS">
          <reporter-output>
          </reporter-output>
        </test-method> <!-- verifyLogin -->
        <test-method is-config="true" signature="tearDown()[pri:0, instance:tests.LoginTest@5a5a729f]" started-at="2026-03-09T23:36:38 IST" name="tearDown" finished-at="2026-03-09T23:36:38 IST" duration-ms="205" status="PASS">
          <reporter-output>
          </reporter-output>
        </test-method> <!-- tearDown -->
      </class> <!-- tests.LoginTest -->
      <class name="tests.AddToCartTest">
        <test-method is-config="true" signature="setup()[pri:0, instance:tests.AddToCartTest@2254127a]" started-at="2026-03-09T23:36:38 IST" name="setup" finished-at="2026-03-09T23:36:39 IST" duration-ms="1334" status="PASS">
          <reporter-output>
          </reporter-output>
        </test-method> <!-- setup -->
        <test-method signature="addProductToCart()[pri:0, instance:tests.AddToCartTest@2254127a]" started-at="2026-03-09T23:36:39 IST" name="addProductToCart" finished-at="2026-03-09T23:36:41 IST" duration-ms="1423" status="PASS">
          <reporter-output>
          </reporter-output>
        </test-method> <!-- addProductToCart -->
        <test-method is-config="true" signature="tearDown()[pri:0, instance:tests.AddToCartTest@2254127a]" started-at="2026-03-09T23:36:41 IST" name="tearDown" finished-at="2026-03-09T23:36:41 IST" duration-ms="205" status="PASS">
          <reporter-output>
          </reporter-output>
        </test-method> <!-- tearDown -->
      </class> <!-- tests.AddToCartTest -->
    </test> <!-- Tests -->
  </suite> <!-- Suite -->
</testng-results>
